{"C:\\Users\\lcallupe\\Documents\\TP\\rimac-challenge-api\\lambdas\\client\\getFilmSwapi.js": {"path":"C:\\Users\\lcallupe\\Documents\\TP\\rimac-challenge-api\\lambdas\\client\\getFilmSwapi.js","statementMap":{"0":{"start":{"line":1,"column":14},"end":{"line":1,"column":30}},"1":{"start":{"line":5,"column":17},"end":{"line":5,"column":69}},"2":{"start":{"line":6,"column":87},"end":{"line":6,"column":102}},"3":{"start":{"line":8,"column":4},"end":{"line":16,"column":6}},"4":{"start":{"line":20,"column":0},"end":{"line":20,"column":30}}},"fnMap":{"0":{"name":"getFilmSwapi","decl":{"start":{"line":3,"column":15},"end":{"line":3,"column":27}},"loc":{"start":{"line":3,"column":32},"end":{"line":18,"column":1}},"line":3}},"branchMap":{},"s":{"0":1,"1":3,"2":2,"3":2,"4":1},"f":{"0":3},"b":{},"_coverageSchema":"1a1c01bbd47fc00a2c39e90264f33305004495a9","hash":"f7679c18f82a2835de46a122aa5f3c0c27e8564a"}
,"C:\\Users\\lcallupe\\Documents\\TP\\rimac-challenge-api\\lambdas\\common\\API_Responses.js": {"path":"C:\\Users\\lcallupe\\Documents\\TP\\rimac-challenge-api\\lambdas\\common\\API_Responses.js","statementMap":{"0":{"start":{"line":1,"column":18},"end":{"line":27,"column":1}},"1":{"start":{"line":3,"column":8},"end":{"line":11,"column":10}},"2":{"start":{"line":15,"column":8},"end":{"line":15,"column":47}},"3":{"start":{"line":18,"column":8},"end":{"line":18,"column":47}},"4":{"start":{"line":22,"column":8},"end":{"line":22,"column":47}},"5":{"start":{"line":25,"column":8},"end":{"line":25,"column":47}},"6":{"start":{"line":29,"column":0},"end":{"line":29,"column":27}}},"fnMap":{"0":{"name":"(anonymous_0)","decl":{"start":{"line":2,"column":4},"end":{"line":2,"column":5}},"loc":{"start":{"line":2,"column":49},"end":{"line":12,"column":5}},"line":2},"1":{"name":"(anonymous_1)","decl":{"start":{"line":14,"column":4},"end":{"line":14,"column":5}},"loc":{"start":{"line":14,"column":20},"end":{"line":16,"column":5}},"line":14},"2":{"name":"(anonymous_2)","decl":{"start":{"line":17,"column":4},"end":{"line":17,"column":5}},"loc":{"start":{"line":17,"column":20},"end":{"line":19,"column":5}},"line":17},"3":{"name":"(anonymous_3)","decl":{"start":{"line":21,"column":4},"end":{"line":21,"column":5}},"loc":{"start":{"line":21,"column":20},"end":{"line":23,"column":5}},"line":21},"4":{"name":"(anonymous_4)","decl":{"start":{"line":24,"column":4},"end":{"line":24,"column":5}},"loc":{"start":{"line":24,"column":20},"end":{"line":26,"column":5}},"line":24}},"branchMap":{"0":{"loc":{"start":{"line":2,"column":20},"end":{"line":2,"column":36}},"type":"default-arg","locations":[{"start":{"line":2,"column":33},"end":{"line":2,"column":36}}],"line":2},"1":{"loc":{"start":{"line":2,"column":38},"end":{"line":2,"column":47}},"type":"default-arg","locations":[{"start":{"line":2,"column":45},"end":{"line":2,"column":47}}],"line":2},"2":{"loc":{"start":{"line":14,"column":9},"end":{"line":14,"column":18}},"type":"default-arg","locations":[{"start":{"line":14,"column":16},"end":{"line":14,"column":18}}],"line":14},"3":{"loc":{"start":{"line":17,"column":9},"end":{"line":17,"column":18}},"type":"default-arg","locations":[{"start":{"line":17,"column":16},"end":{"line":17,"column":18}}],"line":17},"4":{"loc":{"start":{"line":21,"column":9},"end":{"line":21,"column":18}},"type":"default-arg","locations":[{"start":{"line":21,"column":16},"end":{"line":21,"column":18}}],"line":21},"5":{"loc":{"start":{"line":24,"column":9},"end":{"line":24,"column":18}},"type":"default-arg","locations":[{"start":{"line":24,"column":16},"end":{"line":24,"column":18}}],"line":24}},"s":{"0":4,"1":14,"2":6,"3":2,"4":4,"5":1,"6":4},"f":{"0":14,"1":6,"2":2,"3":4,"4":1},"b":{"0":[0],"1":[0],"2":[0],"3":[0],"4":[0],"5":[0]},"_coverageSchema":"1a1c01bbd47fc00a2c39e90264f33305004495a9","hash":"812c2385e4b3bd0e6b69dcf8841b43077c3cc2e6"}
,"C:\\Users\\lcallupe\\Documents\\TP\\rimac-challenge-api\\lambdas\\common\\Dynamo.js": {"path":"C:\\Users\\lcallupe\\Documents\\TP\\rimac-challenge-api\\lambdas\\common\\Dynamo.js","statementMap":{"0":{"start":{"line":1,"column":12},"end":{"line":1,"column":30}},"1":{"start":{"line":3,"column":14},"end":{"line":3,"column":16}},"2":{"start":{"line":4,"column":0},"end":{"line":9,"column":1}},"3":{"start":{"line":5,"column":4},"end":{"line":8,"column":6}},"4":{"start":{"line":11,"column":0},"end":{"line":17,"column":1}},"5":{"start":{"line":12,"column":4},"end":{"line":16,"column":6}},"6":{"start":{"line":19,"column":23},"end":{"line":19,"column":63}},"7":{"start":{"line":21,"column":15},"end":{"line":57,"column":1}},"8":{"start":{"line":23,"column":23},"end":{"line":28,"column":9}},"9":{"start":{"line":30,"column":21},"end":{"line":30,"column":63}},"10":{"start":{"line":32,"column":8},"end":{"line":34,"column":9}},"11":{"start":{"line":33,"column":12},"end":{"line":33,"column":98}},"12":{"start":{"line":36,"column":8},"end":{"line":36,"column":25}},"13":{"start":{"line":40,"column":8},"end":{"line":42,"column":9}},"14":{"start":{"line":41,"column":12},"end":{"line":41,"column":46}},"15":{"start":{"line":44,"column":23},"end":{"line":47,"column":9}},"16":{"start":{"line":49,"column":20},"end":{"line":49,"column":62}},"17":{"start":{"line":51,"column":8},"end":{"line":53,"column":9}},"18":{"start":{"line":52,"column":12},"end":{"line":52,"column":95}},"19":{"start":{"line":55,"column":8},"end":{"line":55,"column":20}},"20":{"start":{"line":58,"column":0},"end":{"line":58,"column":24}}},"fnMap":{"0":{"name":"(anonymous_0)","decl":{"start":{"line":22,"column":4},"end":{"line":22,"column":5}},"loc":{"start":{"line":22,"column":29},"end":{"line":37,"column":5}},"line":22},"1":{"name":"(anonymous_1)","decl":{"start":{"line":39,"column":4},"end":{"line":39,"column":5}},"loc":{"start":{"line":39,"column":33},"end":{"line":56,"column":5}},"line":39}},"branchMap":{"0":{"loc":{"start":{"line":4,"column":0},"end":{"line":9,"column":1}},"type":"if","locations":[{"start":{"line":4,"column":0},"end":{"line":9,"column":1}},{"start":{"line":4,"column":0},"end":{"line":9,"column":1}}],"line":4},"1":{"loc":{"start":{"line":11,"column":0},"end":{"line":17,"column":1}},"type":"if","locations":[{"start":{"line":11,"column":0},"end":{"line":17,"column":1}},{"start":{"line":11,"column":0},"end":{"line":17,"column":1}}],"line":11},"2":{"loc":{"start":{"line":32,"column":8},"end":{"line":34,"column":9}},"type":"if","locations":[{"start":{"line":32,"column":8},"end":{"line":34,"column":9}},{"start":{"line":32,"column":8},"end":{"line":34,"column":9}}],"line":32},"3":{"loc":{"start":{"line":32,"column":12},"end":{"line":32,"column":31}},"type":"binary-expr","locations":[{"start":{"line":32,"column":12},"end":{"line":32,"column":17}},{"start":{"line":32,"column":21},"end":{"line":32,"column":31}}],"line":32},"4":{"loc":{"start":{"line":40,"column":8},"end":{"line":42,"column":9}},"type":"if","locations":[{"start":{"line":40,"column":8},"end":{"line":42,"column":9}},{"start":{"line":40,"column":8},"end":{"line":42,"column":9}}],"line":40},"5":{"loc":{"start":{"line":51,"column":8},"end":{"line":53,"column":9}},"type":"if","locations":[{"start":{"line":51,"column":8},"end":{"line":53,"column":9}},{"start":{"line":51,"column":8},"end":{"line":53,"column":9}}],"line":51}},"s":{"0":3,"1":3,"2":3,"3":0,"4":3,"5":3,"6":3,"7":3,"8":4,"9":4,"10":4,"11":1,"12":3,"13":3,"14":0,"15":3,"16":3,"17":3,"18":0,"19":3,"20":3},"f":{"0":4,"1":3},"b":{"0":[0,3],"1":[3,0],"2":[1,3],"3":[4,4],"4":[0,3],"5":[0,3]},"_coverageSchema":"1a1c01bbd47fc00a2c39e90264f33305004495a9","hash":"fe96ce2750191652176b246157d957db02f6a415"}
,"C:\\Users\\lcallupe\\Documents\\TP\\rimac-challenge-api\\lambdas\\endpoints\\createCharacter.js": {"path":"C:\\Users\\lcallupe\\Documents\\TP\\rimac-challenge-api\\lambdas\\endpoints\\createCharacter.js","statementMap":{"0":{"start":{"line":1,"column":18},"end":{"line":1,"column":52}},"1":{"start":{"line":2,"column":15},"end":{"line":2,"column":42}},"2":{"start":{"line":4,"column":18},"end":{"line":4,"column":39}},"3":{"start":{"line":6,"column":0},"end":{"line":27,"column":2}},"4":{"start":{"line":8,"column":4},"end":{"line":11,"column":5}},"5":{"start":{"line":10,"column":8},"end":{"line":10,"column":75}},"6":{"start":{"line":13,"column":13},"end":{"line":13,"column":36}},"7":{"start":{"line":14,"column":22},"end":{"line":14,"column":44}},"8":{"start":{"line":15,"column":4},"end":{"line":15,"column":22}},"9":{"start":{"line":17,"column":25},"end":{"line":20,"column":6}},"10":{"start":{"line":18,"column":8},"end":{"line":18,"column":50}},"11":{"start":{"line":19,"column":8},"end":{"line":19,"column":20}},"12":{"start":{"line":22,"column":4},"end":{"line":24,"column":5}},"13":{"start":{"line":23,"column":8},"end":{"line":23,"column":78}},"14":{"start":{"line":26,"column":4},"end":{"line":26,"column":44}}},"fnMap":{"0":{"name":"(anonymous_0)","decl":{"start":{"line":6,"column":18},"end":{"line":6,"column":19}},"loc":{"start":{"line":6,"column":33},"end":{"line":27,"column":1}},"line":6},"1":{"name":"(anonymous_1)","decl":{"start":{"line":17,"column":72},"end":{"line":17,"column":73}},"loc":{"start":{"line":17,"column":79},"end":{"line":20,"column":5}},"line":17}},"branchMap":{"0":{"loc":{"start":{"line":8,"column":4},"end":{"line":11,"column":5}},"type":"if","locations":[{"start":{"line":8,"column":4},"end":{"line":11,"column":5}},{"start":{"line":8,"column":4},"end":{"line":11,"column":5}}],"line":8},"1":{"loc":{"start":{"line":8,"column":8},"end":{"line":8,"column":57}},"type":"binary-expr","locations":[{"start":{"line":8,"column":8},"end":{"line":8,"column":29}},{"start":{"line":8,"column":33},"end":{"line":8,"column":57}}],"line":8},"2":{"loc":{"start":{"line":22,"column":4},"end":{"line":24,"column":5}},"type":"if","locations":[{"start":{"line":22,"column":4},"end":{"line":24,"column":5}},{"start":{"line":22,"column":4},"end":{"line":24,"column":5}}],"line":22}},"s":{"0":1,"1":1,"2":1,"3":1,"4":2,"5":1,"6":1,"7":1,"8":1,"9":1,"10":0,"11":0,"12":1,"13":0,"14":1},"f":{"0":2,"1":0},"b":{"0":[1,1],"1":[2,1],"2":[0,1]},"_coverageSchema":"1a1c01bbd47fc00a2c39e90264f33305004495a9","hash":"696cc7c93b4540e0d89096b402379c76c6ecce35"}
,"C:\\Users\\lcallupe\\Documents\\TP\\rimac-challenge-api\\lambdas\\endpoints\\getCharacter.js": {"path":"C:\\Users\\lcallupe\\Documents\\TP\\rimac-challenge-api\\lambdas\\endpoints\\getCharacter.js","statementMap":{"0":{"start":{"line":1,"column":18},"end":{"line":1,"column":52}},"1":{"start":{"line":2,"column":15},"end":{"line":2,"column":42}},"2":{"start":{"line":4,"column":18},"end":{"line":4,"column":39}},"3":{"start":{"line":6,"column":0},"end":{"line":24,"column":2}},"4":{"start":{"line":8,"column":4},"end":{"line":10,"column":5}},"5":{"start":{"line":9,"column":8},"end":{"line":9,"column":75}},"6":{"start":{"line":12,"column":13},"end":{"line":12,"column":36}},"7":{"start":{"line":14,"column":22},"end":{"line":17,"column":6}},"8":{"start":{"line":15,"column":8},"end":{"line":15,"column":48}},"9":{"start":{"line":16,"column":8},"end":{"line":16,"column":20}},"10":{"start":{"line":19,"column":4},"end":{"line":21,"column":5}},"11":{"start":{"line":20,"column":8},"end":{"line":20,"column":76}},"12":{"start":{"line":23,"column":4},"end":{"line":23,"column":41}}},"fnMap":{"0":{"name":"(anonymous_0)","decl":{"start":{"line":6,"column":18},"end":{"line":6,"column":19}},"loc":{"start":{"line":6,"column":33},"end":{"line":24,"column":1}},"line":6},"1":{"name":"(anonymous_1)","decl":{"start":{"line":14,"column":60},"end":{"line":14,"column":61}},"loc":{"start":{"line":14,"column":67},"end":{"line":17,"column":5}},"line":14}},"branchMap":{"0":{"loc":{"start":{"line":8,"column":4},"end":{"line":10,"column":5}},"type":"if","locations":[{"start":{"line":8,"column":4},"end":{"line":10,"column":5}},{"start":{"line":8,"column":4},"end":{"line":10,"column":5}}],"line":8},"1":{"loc":{"start":{"line":8,"column":8},"end":{"line":8,"column":57}},"type":"binary-expr","locations":[{"start":{"line":8,"column":8},"end":{"line":8,"column":29}},{"start":{"line":8,"column":33},"end":{"line":8,"column":57}}],"line":8},"2":{"loc":{"start":{"line":19,"column":4},"end":{"line":21,"column":5}},"type":"if","locations":[{"start":{"line":19,"column":4},"end":{"line":21,"column":5}},{"start":{"line":19,"column":4},"end":{"line":21,"column":5}}],"line":19}},"s":{"0":1,"1":1,"2":1,"3":1,"4":4,"5":1,"6":3,"7":3,"8":1,"9":1,"10":3,"11":1,"12":2},"f":{"0":4,"1":1},"b":{"0":[1,3],"1":[4,3],"2":[1,2]},"_coverageSchema":"1a1c01bbd47fc00a2c39e90264f33305004495a9","hash":"7ab8a94c7cf8393df1be7acd3a15b6a94e2e8528"}
,"C:\\Users\\lcallupe\\Documents\\TP\\rimac-challenge-api\\lambdas\\endpoints\\getFilm.js": {"path":"C:\\Users\\lcallupe\\Documents\\TP\\rimac-challenge-api\\lambdas\\endpoints\\getFilm.js","statementMap":{"0":{"start":{"line":1,"column":21},"end":{"line":1,"column":54}},"1":{"start":{"line":2,"column":18},"end":{"line":2,"column":52}},"2":{"start":{"line":4,"column":0},"end":{"line":22,"column":1}},"3":{"start":{"line":6,"column":4},"end":{"line":8,"column":5}},"4":{"start":{"line":7,"column":8},"end":{"line":7,"column":75}},"5":{"start":{"line":10,"column":13},"end":{"line":10,"column":36}},"6":{"start":{"line":12,"column":17},"end":{"line":15,"column":6}},"7":{"start":{"line":13,"column":8},"end":{"line":13,"column":47}},"8":{"start":{"line":14,"column":8},"end":{"line":14,"column":20}},"9":{"start":{"line":17,"column":4},"end":{"line":19,"column":5}},"10":{"start":{"line":18,"column":8},"end":{"line":18,"column":66}},"11":{"start":{"line":21,"column":4},"end":{"line":21,"column":36}}},"fnMap":{"0":{"name":"(anonymous_0)","decl":{"start":{"line":4,"column":18},"end":{"line":4,"column":19}},"loc":{"start":{"line":4,"column":33},"end":{"line":22,"column":1}},"line":4},"1":{"name":"(anonymous_1)","decl":{"start":{"line":12,"column":46},"end":{"line":12,"column":47}},"loc":{"start":{"line":12,"column":53},"end":{"line":15,"column":5}},"line":12}},"branchMap":{"0":{"loc":{"start":{"line":6,"column":4},"end":{"line":8,"column":5}},"type":"if","locations":[{"start":{"line":6,"column":4},"end":{"line":8,"column":5}},{"start":{"line":6,"column":4},"end":{"line":8,"column":5}}],"line":6},"1":{"loc":{"start":{"line":6,"column":8},"end":{"line":6,"column":57}},"type":"binary-expr","locations":[{"start":{"line":6,"column":8},"end":{"line":6,"column":29}},{"start":{"line":6,"column":33},"end":{"line":6,"column":57}}],"line":6},"2":{"loc":{"start":{"line":17,"column":4},"end":{"line":19,"column":5}},"type":"if","locations":[{"start":{"line":17,"column":4},"end":{"line":19,"column":5}},{"start":{"line":17,"column":4},"end":{"line":19,"column":5}}],"line":17}},"s":{"0":1,"1":1,"2":1,"3":4,"4":1,"5":3,"6":3,"7":1,"8":1,"9":3,"10":1,"11":2},"f":{"0":4,"1":1},"b":{"0":[1,3],"1":[4,3],"2":[1,2]},"_coverageSchema":"1a1c01bbd47fc00a2c39e90264f33305004495a9","hash":"51f3016d797caeffa1125b418da2b3b4922c77b0"}
,"C:\\Users\\lcallupe\\Documents\\TP\\rimac-challenge-api\\z_tests\\testUtils\\eventGenerator.js": {"path":"C:\\Users\\lcallupe\\Documents\\TP\\rimac-challenge-api\\z_tests\\testUtils\\eventGenerator.js","statementMap":{"0":{"start":{"line":1,"column":26},"end":{"line":50,"column":1}},"1":{"start":{"line":9,"column":20},"end":{"line":48,"column":5}},"2":{"start":{"line":49,"column":4},"end":{"line":49,"column":19}},"3":{"start":{"line":52,"column":0},"end":{"line":52,"column":35}}},"fnMap":{"0":{"name":"(anonymous_0)","decl":{"start":{"line":1,"column":26},"end":{"line":1,"column":27}},"loc":{"start":{"line":8,"column":6},"end":{"line":50,"column":1}},"line":8}},"branchMap":{"0":{"loc":{"start":{"line":4,"column":4},"end":{"line":4,"column":13}},"type":"default-arg","locations":[{"start":{"line":4,"column":11},"end":{"line":4,"column":13}}],"line":4},"1":{"loc":{"start":{"line":7,"column":4},"end":{"line":7,"column":25}},"type":"default-arg","locations":[{"start":{"line":7,"column":21},"end":{"line":7,"column":25}}],"line":7},"2":{"loc":{"start":{"line":10,"column":14},"end":{"line":10,"column":48}},"type":"cond-expr","locations":[{"start":{"line":10,"column":21},"end":{"line":10,"column":41}},{"start":{"line":10,"column":44},"end":{"line":10,"column":48}}],"line":10},"3":{"loc":{"start":{"line":16,"column":24},"end":{"line":16,"column":52}},"type":"binary-expr","locations":[{"start":{"line":16,"column":24},"end":{"line":16,"column":44}},{"start":{"line":16,"column":48},"end":{"line":16,"column":52}}],"line":16},"4":{"loc":{"start":{"line":17,"column":31},"end":{"line":17,"column":56}},"type":"binary-expr","locations":[{"start":{"line":17,"column":31},"end":{"line":17,"column":48}},{"start":{"line":17,"column":52},"end":{"line":17,"column":56}}],"line":17}},"s":{"0":3,"1":10,"2":10,"3":3},"f":{"0":10},"b":{"0":[10],"1":[10],"2":[2,8],"3":[10,3],"4":[10,10]},"_coverageSchema":"1a1c01bbd47fc00a2c39e90264f33305004495a9","hash":"e6586cf3e120953c181e35344397bd4cde2bc66f"}
,"C:\\Users\\lcallupe\\Documents\\TP\\rimac-challenge-api\\z_tests\\testUtils\\validators.js": {"path":"C:\\Users\\lcallupe\\Documents\\TP\\rimac-challenge-api\\z_tests\\testUtils\\validators.js","statementMap":{"0":{"start":{"line":1,"column":29},"end":{"line":9,"column":1}},"1":{"start":{"line":2,"column":42},"end":{"line":2,"column":50}},"2":{"start":{"line":4,"column":4},"end":{"line":4,"column":55}},"3":{"start":{"line":4,"column":42},"end":{"line":4,"column":55}},"4":{"start":{"line":5,"column":4},"end":{"line":5,"column":53}},"5":{"start":{"line":5,"column":40},"end":{"line":5,"column":53}},"6":{"start":{"line":6,"column":4},"end":{"line":6,"column":47}},"7":{"start":{"line":6,"column":34},"end":{"line":6,"column":47}},"8":{"start":{"line":7,"column":4},"end":{"line":7,"column":49}},"9":{"start":{"line":7,"column":36},"end":{"line":7,"column":49}},"10":{"start":{"line":8,"column":4},"end":{"line":8,"column":16}},"11":{"start":{"line":11,"column":25},"end":{"line":17,"column":1}},"12":{"start":{"line":12,"column":4},"end":{"line":12,"column":69}},"13":{"start":{"line":12,"column":56},"end":{"line":12,"column":69}},"14":{"start":{"line":13,"column":4},"end":{"line":13,"column":70}},"15":{"start":{"line":13,"column":57},"end":{"line":13,"column":70}},"16":{"start":{"line":14,"column":4},"end":{"line":14,"column":69}},"17":{"start":{"line":14,"column":56},"end":{"line":14,"column":69}},"18":{"start":{"line":16,"column":4},"end":{"line":16,"column":16}},"19":{"start":{"line":19,"column":0},"end":{"line":22,"column":2}}},"fnMap":{"0":{"name":"(anonymous_0)","decl":{"start":{"line":1,"column":29},"end":{"line":1,"column":30}},"loc":{"start":{"line":1,"column":41},"end":{"line":9,"column":1}},"line":1},"1":{"name":"(anonymous_1)","decl":{"start":{"line":11,"column":25},"end":{"line":11,"column":26}},"loc":{"start":{"line":11,"column":36},"end":{"line":17,"column":1}},"line":11}},"branchMap":{"0":{"loc":{"start":{"line":4,"column":4},"end":{"line":4,"column":55}},"type":"if","locations":[{"start":{"line":4,"column":4},"end":{"line":4,"column":55}},{"start":{"line":4,"column":4},"end":{"line":4,"column":55}}],"line":4},"1":{"loc":{"start":{"line":4,"column":8},"end":{"line":4,"column":40}},"type":"binary-expr","locations":[{"start":{"line":4,"column":8},"end":{"line":4,"column":13}},{"start":{"line":4,"column":17},"end":{"line":4,"column":25}},{"start":{"line":4,"column":29},"end":{"line":4,"column":40}}],"line":4},"2":{"loc":{"start":{"line":5,"column":4},"end":{"line":5,"column":53}},"type":"if","locations":[{"start":{"line":5,"column":4},"end":{"line":5,"column":53}},{"start":{"line":5,"column":4},"end":{"line":5,"column":53}}],"line":5},"3":{"loc":{"start":{"line":6,"column":4},"end":{"line":6,"column":47}},"type":"if","locations":[{"start":{"line":6,"column":4},"end":{"line":6,"column":47}},{"start":{"line":6,"column":4},"end":{"line":6,"column":47}}],"line":6},"4":{"loc":{"start":{"line":7,"column":4},"end":{"line":7,"column":49}},"type":"if","locations":[{"start":{"line":7,"column":4},"end":{"line":7,"column":49}},{"start":{"line":7,"column":4},"end":{"line":7,"column":49}}],"line":7},"5":{"loc":{"start":{"line":12,"column":4},"end":{"line":12,"column":69}},"type":"if","locations":[{"start":{"line":12,"column":4},"end":{"line":12,"column":69}},{"start":{"line":12,"column":4},"end":{"line":12,"column":69}}],"line":12},"6":{"loc":{"start":{"line":13,"column":4},"end":{"line":13,"column":70}},"type":"if","locations":[{"start":{"line":13,"column":4},"end":{"line":13,"column":70}},{"start":{"line":13,"column":4},"end":{"line":13,"column":70}}],"line":13},"7":{"loc":{"start":{"line":14,"column":4},"end":{"line":14,"column":69}},"type":"if","locations":[{"start":{"line":14,"column":4},"end":{"line":14,"column":69}},{"start":{"line":14,"column":4},"end":{"line":14,"column":69}}],"line":14}},"s":{"0":3,"1":3,"2":3,"3":0,"4":3,"5":0,"6":3,"7":0,"8":3,"9":0,"10":3,"11":3,"12":3,"13":0,"14":3,"15":0,"16":3,"17":0,"18":3,"19":3},"f":{"0":3,"1":3},"b":{"0":[0,3],"1":[3,3,3],"2":[0,3],"3":[0,3],"4":[0,3],"5":[0,3],"6":[0,3],"7":[0,3]},"_coverageSchema":"1a1c01bbd47fc00a2c39e90264f33305004495a9","hash":"c5d83284ac285213bc0723e46762bf65d9e4250a"}
}
