TN:
SF:lambdas\client\getFilmSwapi.js
FN:3,getFilmSwapi
FNF:1
FNH:1
FNDA:3,getFilmSwapi
DA:1,1
DA:5,3
DA:6,2
DA:8,2
DA:20,1
LF:5
LH:5
BRF:0
BRH:0
end_of_record
TN:
SF:lambdas\common\API_Responses.js
FN:2,(anonymous_0)
FN:14,(anonymous_1)
FN:17,(anonymous_2)
FN:21,(anonymous_3)
FN:24,(anonymous_4)
FNF:5
FNH:5
FNDA:14,(anonymous_0)
FNDA:6,(anonymous_1)
FNDA:2,(anonymous_2)
FNDA:4,(anonymous_3)
FNDA:1,(anonymous_4)
DA:1,4
DA:3,14
DA:15,6
DA:18,2
DA:22,4
DA:25,1
DA:29,4
LF:7
LH:7
BRDA:2,0,0,0
BRDA:2,1,0,0
BRDA:14,2,0,0
BRDA:17,3,0,0
BRDA:21,4,0,0
BRDA:24,5,0,0
BRF:6
BRH:0
end_of_record
TN:
SF:lambdas\common\Dynamo.js
FN:22,(anonymous_0)
FN:39,(anonymous_1)
FNF:2
FNH:2
FNDA:4,(anonymous_0)
FNDA:3,(anonymous_1)
DA:1,3
DA:3,3
DA:4,3
DA:5,0
DA:11,3
DA:12,3
DA:19,3
DA:21,3
DA:23,4
DA:30,4
DA:32,4
DA:33,1
DA:36,3
DA:40,3
DA:41,0
DA:44,3
DA:49,3
DA:51,3
DA:52,0
DA:55,3
DA:58,3
LF:21
LH:18
BRDA:4,0,0,0
BRDA:4,0,1,3
BRDA:11,1,0,3
BRDA:11,1,1,0
BRDA:32,2,0,1
BRDA:32,2,1,3
BRDA:32,3,0,4
BRDA:32,3,1,4
BRDA:40,4,0,0
BRDA:40,4,1,3
BRDA:51,5,0,0
BRDA:51,5,1,3
BRF:12
BRH:8
end_of_record
TN:
SF:lambdas\endpoints\createCharacter.js
FN:6,(anonymous_0)
FN:17,(anonymous_1)
FNF:2
FNH:1
FNDA:2,(anonymous_0)
FNDA:0,(anonymous_1)
DA:1,1
DA:2,1
DA:4,1
DA:6,1
DA:8,2
DA:10,1
DA:13,1
DA:14,1
DA:15,1
DA:17,1
DA:18,0
DA:19,0
DA:22,1
DA:23,0
DA:26,1
LF:15
LH:12
BRDA:8,0,0,1
BRDA:8,0,1,1
BRDA:8,1,0,2
BRDA:8,1,1,1
BRDA:22,2,0,0
BRDA:22,2,1,1
BRF:6
BRH:5
end_of_record
TN:
SF:lambdas\endpoints\getCharacter.js
FN:6,(anonymous_0)
FN:14,(anonymous_1)
FNF:2
FNH:2
FNDA:4,(anonymous_0)
FNDA:1,(anonymous_1)
DA:1,1
DA:2,1
DA:4,1
DA:6,1
DA:8,4
DA:9,1
DA:12,3
DA:14,3
DA:15,1
DA:16,1
DA:19,3
DA:20,1
DA:23,2
LF:13
LH:13
BRDA:8,0,0,1
BRDA:8,0,1,3
BRDA:8,1,0,4
BRDA:8,1,1,3
BRDA:19,2,0,1
BRDA:19,2,1,2
BRF:6
BRH:6
end_of_record
TN:
SF:lambdas\endpoints\getFilm.js
FN:4,(anonymous_0)
FN:12,(anonymous_1)
FNF:2
FNH:2
FNDA:4,(anonymous_0)
FNDA:1,(anonymous_1)
DA:1,1
DA:2,1
DA:4,1
DA:6,4
DA:7,1
DA:10,3
DA:12,3
DA:13,1
DA:14,1
DA:17,3
DA:18,1
DA:21,2
LF:12
LH:12
BRDA:6,0,0,1
BRDA:6,0,1,3
BRDA:6,1,0,4
BRDA:6,1,1,3
BRDA:17,2,0,1
BRDA:17,2,1,2
BRF:6
BRH:6
end_of_record
TN:
SF:z_tests\testUtils\eventGenerator.js
FN:1,(anonymous_0)
FNF:1
FNH:1
FNDA:10,(anonymous_0)
DA:1,3
DA:9,10
DA:49,10
DA:52,3
LF:4
LH:4
BRDA:4,0,0,10
BRDA:7,1,0,10
BRDA:10,2,0,2
BRDA:10,2,1,8
BRDA:16,3,0,10
BRDA:16,3,1,3
BRDA:17,4,0,10
BRDA:17,4,1,10
BRF:8
BRH:8
end_of_record
TN:
SF:z_tests\testUtils\validators.js
FN:1,(anonymous_0)
FN:11,(anonymous_1)
FNF:2
FNH:2
FNDA:3,(anonymous_0)
FNDA:3,(anonymous_1)
DA:1,3
DA:2,3
DA:4,3
DA:5,3
DA:6,3
DA:7,3
DA:8,3
DA:11,3
DA:12,3
DA:13,3
DA:14,3
DA:16,3
DA:19,3
LF:13
LH:13
BRDA:4,0,0,0
BRDA:4,0,1,3
BRDA:4,1,0,3
BRDA:4,1,1,3
BRDA:4,1,2,3
BRDA:5,2,0,0
BRDA:5,2,1,3
BRDA:6,3,0,0
BRDA:6,3,1,3
BRDA:7,4,0,0
BRDA:7,4,1,3
BRDA:12,5,0,0
BRDA:12,5,1,3
BRDA:13,6,0,0
BRDA:13,6,1,3
BRDA:14,7,0,0
BRDA:14,7,1,3
BRF:17
BRH:10
end_of_record
